2025-10-18T21:19:07.571+0800	[34mINFO[0m	server/main.go:27	åˆå§‹åŒ–æ—¥å¿—æˆåŠŸ
2025-10-18T21:19:07.577+0800	[34mINFO[0m	db/db.go:45	æ•°æ®åº“ä¸å­˜åœ¨ï¼Œæ­£åœ¨åˆ›å»ºæ•°æ®åº“	{"database": "c_studio"}
2025-10-18T21:19:07.589+0800	[34mINFO[0m	db/db.go:53	æ•°æ®åº“åˆ›å»ºæˆåŠŸ	{"database": "c_studio"}
2025-10-18T21:19:07.611+0800	[34mINFO[0m	db/db.go:88	å·²é…ç½®è¿æ¥æ± 	{"max_open_conns": 100, "max_idle_conns": 10}
2025-10-18T21:19:07.612+0800	[34mINFO[0m	db/db.go:101	æ•°æ®åº“è¿æ¥æˆåŠŸ
2025-10-18T21:19:07.612+0800	[34mINFO[0m	server/main.go:35	åˆå§‹åŒ–æ•°æ®åº“æˆåŠŸ
2025-10-18T21:19:55.513+0800	[34mINFO[0m	server/main.go:27	åˆå§‹åŒ–æ—¥å¿—æˆåŠŸ
2025-10-18T21:19:55.516+0800	[34mINFO[0m	db/db.go:45	æ•°æ®åº“ä¸å­˜åœ¨ï¼Œæ­£åœ¨åˆ›å»ºæ•°æ®åº“	{"database": "fsync_rebuild"}
2025-10-18T21:19:55.533+0800	[34mINFO[0m	db/db.go:53	æ•°æ®åº“åˆ›å»ºæˆåŠŸ	{"database": "fsync_rebuild"}
2025-10-18T21:19:55.541+0800	[34mINFO[0m	db/db.go:88	å·²é…ç½®è¿æ¥æ± 	{"max_open_conns": 100, "max_idle_conns": 10}
2025-10-18T21:19:55.542+0800	[34mINFO[0m	db/db.go:101	æ•°æ®åº“è¿æ¥æˆåŠŸ
2025-10-18T21:19:55.542+0800	[34mINFO[0m	server/main.go:35	åˆå§‹åŒ–æ•°æ®åº“æˆåŠŸ
2025-10-18T21:25:29.018+0800	[34mINFO[0m	cmd/main.go:27	åˆå§‹åŒ–æ—¥å¿—æˆåŠŸ
2025-10-18T21:25:29.021+0800	[34mINFO[0m	db/db.go:55	æ•°æ®åº“å·²å­˜åœ¨	{"database": "fsync_rebuild"}
2025-10-18T21:25:29.023+0800	[34mINFO[0m	db/db.go:88	å·²é…ç½®è¿æ¥æ± 	{"max_open_conns": 100, "max_idle_conns": 10}
2025-10-18T21:25:29.024+0800	[34mINFO[0m	db/db.go:101	æ•°æ®åº“è¿æ¥æˆåŠŸ
2025-10-18T21:25:29.024+0800	[34mINFO[0m	cmd/main.go:35	åˆå§‹åŒ–æ•°æ®åº“æˆåŠŸ
2025-10-18T21:25:32.669+0800	[34mINFO[0m	logger/logger.go:156	HTTP Request	{"status": 200, "method": "GET", "path": "/health", "query": "", "ip": "127.0.0.1", "user_agent": "Apifox/1.0.0 (https://apifox.com)", "latency": 0.000042928}
2025-10-18T21:35:24.841+0800	[34mINFO[0m	cmd/main.go:27	åˆå§‹åŒ–æ—¥å¿—æˆåŠŸ
2025-10-18T21:35:24.854+0800	[34mINFO[0m	db/db.go:55	æ•°æ®åº“å·²å­˜åœ¨	{"database": "fsync_rebuild"}
2025-10-18T21:35:24.859+0800	[34mINFO[0m	db/db.go:88	å·²é…ç½®è¿æ¥æ± 	{"max_open_conns": 100, "max_idle_conns": 10}
2025-10-18T21:35:24.859+0800	[34mINFO[0m	db/db.go:101	æ•°æ®åº“è¿æ¥æˆåŠŸ
2025-10-18T21:35:24.859+0800	[34mINFO[0m	cmd/main.go:35	åˆå§‹åŒ–æ•°æ®åº“æˆåŠŸ
2025-10-18T21:48:05.787+0800	[34mINFO[0m	cmd/main.go:23	åˆå§‹åŒ–æ—¥å¿—æˆåŠŸ
