2025-10-18T21:48:25.669+0800	[34mINFO[0m	cmd/main.go:23	åˆå§‹åŒ–æ—¥å¿—æˆåŠŸ
2025-10-18T22:32:11.950+0800	[34mINFO[0m	cmd/main.go:23	åˆå§‹åŒ–æ—¥å¿—æˆåŠŸ
2025-10-18T23:22:57.455+0800	[34mINFO[0m	cmd/main.go:24	åˆå§‹åŒ–æ—¥å¿—æˆåŠŸ
2025-10-18T23:22:57.455+0800	[34mINFO[0m	storage/storage.go:26	åŒæ­¥ç›®å½•	{"ç›®å½•ä¿¡æ¯": {}}
2025-10-18T23:22:57.455+0800	[34mINFO[0m	watcher/watcher.go:24	å¼€å§‹ç›‘æ§ç›®å½•	{"path": "/home/lake/fsync-test-dir"}
2025-10-18T23:23:46.404+0800	[34mINFO[0m	storage/storage.go:43	æ–‡ä»¶åˆ é™¤äº‹ä»¶	{"file": "/home/lake/fsync-test-dir/a.txt"}
2025-10-18T23:58:31.744+0800	[34mINFO[0m	cmd/main.go:24	åˆå§‹åŒ–æ—¥å¿—æˆåŠŸ
2025-10-18T23:58:31.745+0800	[34mINFO[0m	storage/storage.go:27	åŒæ­¥ç›®å½•	{"ç›®å½•ä¿¡æ¯": {}}
2025-10-18T23:58:31.745+0800	[34mINFO[0m	watcher/watcher.go:24	å¼€å§‹ç›‘æ§ç›®å½•	{"path": "/home/lake/fsync-test-dir"}
2025-10-18T23:58:38.810+0800	[34mINFO[0m	storage/storage.go:44	æ–‡ä»¶åˆ›å»ºäº‹ä»¶	{"file": "/home/lake/fsync-test-dir/t.txt"}
2025-10-18T23:58:38.810+0800	[35mDEBUG[0m	command/command.go:62	æ·»åŠ å‘½ä»¤åˆ°å‘½ä»¤é˜Ÿåˆ—	{"description": "åˆ›å»ºæ–‡ä»¶: /home/lake/fsync-test-dir/t.txt"}
2025-10-18T23:58:38.810+0800	[34mINFO[0m	command/command.go:25	æ‰§è¡Œæ–‡ä»¶æ“ä½œå‘½ä»¤	{"action": "create", "file": "/home/lake/fsync-test-dir/t.txt"}
2025-10-18T23:58:38.810+0800	[34mINFO[0m	storage/storage.go:76	æ–‡ä»¶æƒé™ä¿®æ”¹äº‹ä»¶	{"file": "/home/lake/fsync-test-dir/t.txt"}
2025-10-18T23:58:38.810+0800	[35mDEBUG[0m	command/command.go:62	æ·»åŠ å‘½ä»¤åˆ°å‘½ä»¤é˜Ÿåˆ—	{"description": "ä¿®æ”¹æ–‡ä»¶æƒé™: /home/lake/fsync-test-dir/t.txt"}
2025-10-18T23:58:38.810+0800	[34mINFO[0m	command/command.go:25	æ‰§è¡Œæ–‡ä»¶æ“ä½œå‘½ä»¤	{"action": "chmod", "file": "/home/lake/fsync-test-dir/t.txt"}
2025-10-18T23:59:27.295+0800	[34mINFO[0m	cmd/main.go:24	åˆå§‹åŒ–æ—¥å¿—æˆåŠŸ
2025-10-18T23:59:27.295+0800	[34mINFO[0m	storage/storage.go:27	åŒæ­¥ç›®å½•	{"ç›®å½•ä¿¡æ¯": {}}
2025-10-18T23:59:27.295+0800	[34mINFO[0m	watcher/watcher.go:24	å¼€å§‹ç›‘æ§ç›®å½•	{"path": "/home/lake/fsync-test-dir"}
2025-10-18T23:59:30.565+0800	[35mDEBUG[0m	command/command.go:62	æ·»åŠ å‘½ä»¤åˆ°å‘½ä»¤é˜Ÿåˆ—	{"description": "ä¿®æ”¹æ–‡ä»¶æƒé™: /home/lake/fsync-test-dir/t.txt"}
2025-10-18T23:59:30.565+0800	[34mINFO[0m	command/command.go:25	æ‰§è¡Œæ–‡ä»¶æ“ä½œå‘½ä»¤	{"action": "chmod", "file": "/home/lake/fsync-test-dir/t.txt"}
2025-10-18T23:59:45.957+0800	[35mDEBUG[0m	command/command.go:62	æ·»åŠ å‘½ä»¤åˆ°å‘½ä»¤é˜Ÿåˆ—	{"description": "åˆ é™¤æ–‡ä»¶: /home/lake/fsync-test-dir/t.txt"}
2025-10-18T23:59:45.957+0800	[34mINFO[0m	command/command.go:25	æ‰§è¡Œæ–‡ä»¶æ“ä½œå‘½ä»¤	{"action": "remove", "file": "/home/lake/fsync-test-dir/t.txt"}
2025-10-19T00:07:15.066+0800	[34mINFO[0m	cmd/main.go:24	åˆå§‹åŒ–æ—¥å¿—æˆåŠŸ
2025-10-19T00:07:15.067+0800	[34mINFO[0m	storage/storage.go:30	åŒæ­¥ç›®å½•	{"ç›®å½•ä¿¡æ¯": {}}
2025-10-19T00:07:15.067+0800	[34mINFO[0m	watcher/watcher.go:24	å¼€å§‹ç›‘æ§ç›®å½•	{"path": "/home/lake/fsync-test-dir"}
2025-10-19T00:07:19.699+0800	[34mINFO[0m	command/invoker.go:64	Command enqueued	{"command_desc": "åˆ›å»ºæ–‡ä»¶: /home/lake/fsync-test-dir/t.txt"}
2025-10-19T00:07:19.699+0800	[35mDEBUG[0m	command/command.go:76	æ·»åŠ å‘½ä»¤åˆ°å‘½ä»¤é˜Ÿåˆ—å¹¶å‡†å¤‡å¼‚æ­¥æ‰§è¡Œ	{"description": "åˆ›å»ºæ–‡ä»¶: /home/lake/fsync-test-dir/t.txt"}
2025-10-19T00:07:19.700+0800	[34mINFO[0m	command/invoker.go:64	Command enqueued	{"command_desc": "ä¿®æ”¹æ–‡ä»¶æƒé™: /home/lake/fsync-test-dir/t.txt"}
2025-10-19T00:07:19.700+0800	[35mDEBUG[0m	command/command.go:76	æ·»åŠ å‘½ä»¤åˆ°å‘½ä»¤é˜Ÿåˆ—å¹¶å‡†å¤‡å¼‚æ­¥æ‰§è¡Œ	{"description": "ä¿®æ”¹æ–‡ä»¶æƒé™: /home/lake/fsync-test-dir/t.txt"}
2025-10-19T00:07:19.700+0800	[34mINFO[0m	command/invoker.go:47	Worker executing command	{"worker_id": 1, "command_desc": "ä¿®æ”¹æ–‡ä»¶æƒé™: /home/lake/fsync-test-dir/t.txt"}
2025-10-19T00:07:19.700+0800	[34mINFO[0m	command/command.go:27	æ‰§è¡Œæ–‡ä»¶æ“ä½œå‘½ä»¤	{"action": "chmod", "file": "/home/lake/fsync-test-dir/t.txt"}
2025-10-19T00:07:19.700+0800	[34mINFO[0m	command/invoker.go:51	Worker finished executing command	{"worker_id": 1, "command_desc": "ä¿®æ”¹æ–‡ä»¶æƒé™: /home/lake/fsync-test-dir/t.txt"}
2025-10-19T00:07:19.700+0800	[34mINFO[0m	command/invoker.go:47	Worker executing command	{"worker_id": 0, "command_desc": "åˆ›å»ºæ–‡ä»¶: /home/lake/fsync-test-dir/t.txt"}
2025-10-19T00:07:19.700+0800	[34mINFO[0m	command/command.go:27	æ‰§è¡Œæ–‡ä»¶æ“ä½œå‘½ä»¤	{"action": "create", "file": "/home/lake/fsync-test-dir/t.txt"}
2025-10-19T00:07:19.700+0800	[34mINFO[0m	command/invoker.go:51	Worker finished executing command	{"worker_id": 0, "command_desc": "åˆ›å»ºæ–‡ä»¶: /home/lake/fsync-test-dir/t.txt"}
2025-10-19T00:10:10.233+0800	[34mINFO[0m	cmd/main.go:24	åˆå§‹åŒ–æ—¥å¿—æˆåŠŸ
2025-10-19T00:10:10.234+0800	[34mINFO[0m	storage/storage.go:30	åŒæ­¥ç›®å½•	{"ç›®å½•ä¿¡æ¯": {}}
2025-10-19T00:10:10.234+0800	[34mINFO[0m	watcher/watcher.go:24	å¼€å§‹ç›‘æ§ç›®å½•	{"path": "/home/lake/fsync-test-dir"}
2025-10-19T00:10:16.995+0800	[34mINFO[0m	command/invoker.go:64	Command enqueued	{"command_desc": "åˆ›å»ºæ–‡ä»¶: /home/lake/fsync-test-dir/abc"}
2025-10-19T00:10:16.995+0800	[35mDEBUG[0m	command/command.go:76	æ·»åŠ å‘½ä»¤åˆ°å‘½ä»¤é˜Ÿåˆ—å¹¶å‡†å¤‡å¼‚æ­¥æ‰§è¡Œ	{"description": "åˆ›å»ºæ–‡ä»¶: /home/lake/fsync-test-dir/abc"}
2025-10-19T00:10:16.995+0800	[34mINFO[0m	watcher/watcher.go:57	å‘ç°æ–°ç›®å½•ï¼Œå¼€å§‹ç›‘æ§	{"æ–‡ä»¶ï¼š": "/home/lake/fsync-test-dir/abc"}
2025-10-19T00:10:16.995+0800	[34mINFO[0m	watcher/watcher.go:24	å¼€å§‹ç›‘æ§ç›®å½•	{"path": "/home/lake/fsync-test-dir/abc"}
2025-10-19T00:10:16.995+0800	[34mINFO[0m	command/invoker.go:47	Worker executing command	{"worker_id": 0, "command_desc": "åˆ›å»ºæ–‡ä»¶: /home/lake/fsync-test-dir/abc"}
2025-10-19T00:10:16.995+0800	[34mINFO[0m	command/command.go:27	æ‰§è¡Œæ–‡ä»¶æ“ä½œå‘½ä»¤	{"action": "create", "file": "/home/lake/fsync-test-dir/abc"}
2025-10-19T00:10:16.995+0800	[34mINFO[0m	command/invoker.go:51	Worker finished executing command	{"worker_id": 0, "command_desc": "åˆ›å»ºæ–‡ä»¶: /home/lake/fsync-test-dir/abc"}
2025-10-19T00:11:43.773+0800	[34mINFO[0m	command/invoker.go:64	Command enqueued	{"command_desc": "åˆ›å»ºæ–‡ä»¶: /home/lake/fsync-test-dir/aa.txt"}
2025-10-19T00:11:43.773+0800	[35mDEBUG[0m	command/command.go:76	æ·»åŠ å‘½ä»¤åˆ°å‘½ä»¤é˜Ÿåˆ—å¹¶å‡†å¤‡å¼‚æ­¥æ‰§è¡Œ	{"description": "åˆ›å»ºæ–‡ä»¶: /home/lake/fsync-test-dir/aa.txt"}
2025-10-19T00:11:43.773+0800	[34mINFO[0m	command/invoker.go:64	Command enqueued	{"command_desc": "ä¿®æ”¹æ–‡ä»¶æƒé™: /home/lake/fsync-test-dir/aa.txt"}
2025-10-19T00:11:43.773+0800	[35mDEBUG[0m	command/command.go:76	æ·»åŠ å‘½ä»¤åˆ°å‘½ä»¤é˜Ÿåˆ—å¹¶å‡†å¤‡å¼‚æ­¥æ‰§è¡Œ	{"description": "ä¿®æ”¹æ–‡ä»¶æƒé™: /home/lake/fsync-test-dir/aa.txt"}
2025-10-19T00:11:43.773+0800	[34mINFO[0m	command/invoker.go:47	Worker executing command	{"worker_id": 1, "command_desc": "åˆ›å»ºæ–‡ä»¶: /home/lake/fsync-test-dir/aa.txt"}
2025-10-19T00:11:43.773+0800	[34mINFO[0m	command/command.go:27	æ‰§è¡Œæ–‡ä»¶æ“ä½œå‘½ä»¤	{"action": "create", "file": "/home/lake/fsync-test-dir/aa.txt"}
2025-10-19T00:11:43.773+0800	[34mINFO[0m	command/invoker.go:51	Worker finished executing command	{"worker_id": 1, "command_desc": "åˆ›å»ºæ–‡ä»¶: /home/lake/fsync-test-dir/aa.txt"}
2025-10-19T00:11:43.773+0800	[34mINFO[0m	command/invoker.go:47	Worker executing command	{"worker_id": 0, "command_desc": "ä¿®æ”¹æ–‡ä»¶æƒé™: /home/lake/fsync-test-dir/aa.txt"}
2025-10-19T00:11:43.773+0800	[34mINFO[0m	command/command.go:27	æ‰§è¡Œæ–‡ä»¶æ“ä½œå‘½ä»¤	{"action": "chmod", "file": "/home/lake/fsync-test-dir/aa.txt"}
2025-10-19T00:11:43.773+0800	[34mINFO[0m	command/invoker.go:51	Worker finished executing command	{"worker_id": 0, "command_desc": "ä¿®æ”¹æ–‡ä»¶æƒé™: /home/lake/fsync-test-dir/aa.txt"}
2025-10-19T00:13:39.919+0800	[34mINFO[0m	cmd/main.go:24	åˆå§‹åŒ–æ—¥å¿—æˆåŠŸ
2025-10-19T00:13:39.919+0800	[34mINFO[0m	storage/storage.go:30	åŒæ­¥ç›®å½•	{"ç›®å½•ä¿¡æ¯": {}}
2025-10-19T00:13:39.920+0800	[34mINFO[0m	watcher/watcher.go:24	å¼€å§‹ç›‘æ§ç›®å½•	{"path": "/home/lake/fsync-test-dir"}
2025-10-19T00:13:39.920+0800	[34mINFO[0m	watcher/watcher.go:24	å¼€å§‹ç›‘æ§ç›®å½•	{"path": "/home/lake/fsync-test-dir/abc"}
2025-10-19T00:13:44.931+0800	[34mINFO[0m	command/invoker.go:64	Command enqueued	{"command_desc": "åˆ›å»ºæ–‡ä»¶: /home/lake/fsync-test-dir/acc"}
2025-10-19T00:13:44.931+0800	[35mDEBUG[0m	command/command.go:76	æ·»åŠ å‘½ä»¤åˆ°å‘½ä»¤é˜Ÿåˆ—å¹¶å‡†å¤‡å¼‚æ­¥æ‰§è¡Œ	{"description": "åˆ›å»ºæ–‡ä»¶: /home/lake/fsync-test-dir/acc"}
2025-10-19T00:13:44.931+0800	[34mINFO[0m	command/invoker.go:64	Command enqueued	{"command_desc": "ä¿®æ”¹æ–‡ä»¶æƒé™: /home/lake/fsync-test-dir/acc"}
2025-10-19T00:13:44.931+0800	[35mDEBUG[0m	command/command.go:76	æ·»åŠ å‘½ä»¤åˆ°å‘½ä»¤é˜Ÿåˆ—å¹¶å‡†å¤‡å¼‚æ­¥æ‰§è¡Œ	{"description": "ä¿®æ”¹æ–‡ä»¶æƒé™: /home/lake/fsync-test-dir/acc"}
2025-10-19T00:13:44.931+0800	[34mINFO[0m	command/invoker.go:47	Worker executing command	{"worker_id": 1, "command_desc": "ä¿®æ”¹æ–‡ä»¶æƒé™: /home/lake/fsync-test-dir/acc"}
2025-10-19T00:13:44.931+0800	[34mINFO[0m	command/command.go:27	æ‰§è¡Œæ–‡ä»¶æ“ä½œå‘½ä»¤	{"action": "chmod", "file": "/home/lake/fsync-test-dir/acc"}
2025-10-19T00:13:44.931+0800	[34mINFO[0m	command/invoker.go:51	Worker finished executing command	{"worker_id": 1, "command_desc": "ä¿®æ”¹æ–‡ä»¶æƒé™: /home/lake/fsync-test-dir/acc"}
2025-10-19T00:13:44.931+0800	[34mINFO[0m	command/invoker.go:47	Worker executing command	{"worker_id": 0, "command_desc": "åˆ›å»ºæ–‡ä»¶: /home/lake/fsync-test-dir/acc"}
2025-10-19T00:13:44.931+0800	[34mINFO[0m	command/command.go:27	æ‰§è¡Œæ–‡ä»¶æ“ä½œå‘½ä»¤	{"action": "create_file", "file": "/home/lake/fsync-test-dir/acc"}
2025-10-19T00:13:44.931+0800	[34mINFO[0m	command/invoker.go:51	Worker finished executing command	{"worker_id": 0, "command_desc": "åˆ›å»ºæ–‡ä»¶: /home/lake/fsync-test-dir/acc"}
2025-10-19T00:16:30.839+0800	[34mINFO[0m	cmd/main.go:24	åˆå§‹åŒ–æ—¥å¿—æˆåŠŸ
2025-10-19T00:16:30.839+0800	[34mINFO[0m	storage/storage.go:30	åŒæ­¥ç›®å½•	{"ç›®å½•ä¿¡æ¯": {}}
2025-10-19T00:16:30.839+0800	[34mINFO[0m	watcher/watcher.go:24	å¼€å§‹ç›‘æ§ç›®å½•	{"path": "/home/lake/fsync-test-dir"}
2025-10-19T00:16:30.839+0800	[34mINFO[0m	watcher/watcher.go:24	å¼€å§‹ç›‘æ§ç›®å½•	{"path": "/home/lake/fsync-test-dir/abc"}
2025-10-19T00:16:38.372+0800	[34mINFO[0m	command/invoker.go:64	Command enqueued	{"command_desc": "åˆ›å»ºæ–‡ä»¶: /home/lake/fsync-test-dir/.acc.swp"}
2025-10-19T00:16:38.373+0800	[35mDEBUG[0m	command/command.go:76	æ·»åŠ å‘½ä»¤åˆ°å‘½ä»¤é˜Ÿåˆ—å¹¶å‡†å¤‡å¼‚æ­¥æ‰§è¡Œ	{"description": "åˆ›å»ºæ–‡ä»¶: /home/lake/fsync-test-dir/.acc.swp"}
2025-10-19T00:16:38.373+0800	[34mINFO[0m	command/invoker.go:47	å·¥ä½œçº¿ç¨‹æ‰§è¡Œå‘½ä»¤	{"worker_id": 0, "command_desc": "åˆ›å»ºæ–‡ä»¶: /home/lake/fsync-test-dir/.acc.swp"}
2025-10-19T00:16:38.373+0800	[34mINFO[0m	command/command.go:27	æ‰§è¡Œæ–‡ä»¶æ“ä½œå‘½ä»¤	{"action": "create_file", "file": "/home/lake/fsync-test-dir/.acc.swp"}
2025-10-19T00:16:38.373+0800	[34mINFO[0m	command/invoker.go:51	å·¥ä½œçº¿ç¨‹å·²å®Œæˆå‘½ä»¤æ‰§è¡Œ	{"worker_id": 0, "command_desc": "åˆ›å»ºæ–‡ä»¶: /home/lake/fsync-test-dir/.acc.swp"}
2025-10-19T00:16:38.373+0800	[31mERROR[0m	storage/storage.go:50	æ— æ³•è·å–æ–‡ä»¶ä¿¡æ¯	{"file": "/home/lake/fsync-test-dir/.acc.swpx", "error": "stat /home/lake/fsync-test-dir/.acc.swpx: no such file or directory"}
fsync/client/internal/storage.StartFileSync.func1.1
	/home/lake/proj/playground/fsync-rebuild/fsync/client/internal/storage/storage.go:50
fsync/client/internal/watcher.WatchDirRecursive
	/home/lake/proj/playground/fsync-rebuild/fsync/client/internal/watcher/watcher.go:52
fsync/client/internal/storage.StartFileSync.func1
	/home/lake/proj/playground/fsync-rebuild/fsync/client/internal/storage/storage.go:43
2025-10-19T00:16:38.373+0800	[34mINFO[0m	command/invoker.go:64	Command enqueued	{"command_desc": "åˆ é™¤æ–‡ä»¶: /home/lake/fsync-test-dir/.acc.swpx"}
2025-10-19T00:16:38.373+0800	[35mDEBUG[0m	command/command.go:76	æ·»åŠ å‘½ä»¤åˆ°å‘½ä»¤é˜Ÿåˆ—å¹¶å‡†å¤‡å¼‚æ­¥æ‰§è¡Œ	{"description": "åˆ é™¤æ–‡ä»¶: /home/lake/fsync-test-dir/.acc.swpx"}
2025-10-19T00:16:38.373+0800	[34mINFO[0m	command/invoker.go:64	Command enqueued	{"command_desc": "åˆ é™¤æ–‡ä»¶: /home/lake/fsync-test-dir/.acc.swp"}
2025-10-19T00:16:38.373+0800	[34mINFO[0m	command/invoker.go:47	å·¥ä½œçº¿ç¨‹æ‰§è¡Œå‘½ä»¤	{"worker_id": 1, "command_desc": "åˆ é™¤æ–‡ä»¶: /home/lake/fsync-test-dir/.acc.swpx"}
2025-10-19T00:16:38.373+0800	[34mINFO[0m	command/command.go:27	æ‰§è¡Œæ–‡ä»¶æ“ä½œå‘½ä»¤	{"action": "remove", "file": "/home/lake/fsync-test-dir/.acc.swpx"}
2025-10-19T00:16:38.373+0800	[35mDEBUG[0m	command/command.go:76	æ·»åŠ å‘½ä»¤åˆ°å‘½ä»¤é˜Ÿåˆ—å¹¶å‡†å¤‡å¼‚æ­¥æ‰§è¡Œ	{"description": "åˆ é™¤æ–‡ä»¶: /home/lake/fsync-test-dir/.acc.swp"}
2025-10-19T00:16:38.373+0800	[34mINFO[0m	command/invoker.go:64	Command enqueued	{"command_desc": "åˆ›å»ºæ–‡ä»¶: /home/lake/fsync-test-dir/.acc.swp"}
2025-10-19T00:16:38.373+0800	[35mDEBUG[0m	command/command.go:76	æ·»åŠ å‘½ä»¤åˆ°å‘½ä»¤é˜Ÿåˆ—å¹¶å‡†å¤‡å¼‚æ­¥æ‰§è¡Œ	{"description": "åˆ›å»ºæ–‡ä»¶: /home/lake/fsync-test-dir/.acc.swp"}
2025-10-19T00:16:38.373+0800	[34mINFO[0m	command/invoker.go:64	Command enqueued	{"command_desc": "ä¿®æ”¹æ–‡ä»¶: /home/lake/fsync-test-dir/.acc.swp"}
2025-10-19T00:16:38.373+0800	[35mDEBUG[0m	command/command.go:76	æ·»åŠ å‘½ä»¤åˆ°å‘½ä»¤é˜Ÿåˆ—å¹¶å‡†å¤‡å¼‚æ­¥æ‰§è¡Œ	{"description": "ä¿®æ”¹æ–‡ä»¶: /home/lake/fsync-test-dir/.acc.swp"}
2025-10-19T00:16:38.373+0800	[34mINFO[0m	command/invoker.go:64	Command enqueued	{"command_desc": "ä¿®æ”¹æ–‡ä»¶æƒé™: /home/lake/fsync-test-dir/.acc.swp"}
2025-10-19T00:16:38.373+0800	[35mDEBUG[0m	command/command.go:76	æ·»åŠ å‘½ä»¤åˆ°å‘½ä»¤é˜Ÿåˆ—å¹¶å‡†å¤‡å¼‚æ­¥æ‰§è¡Œ	{"description": "ä¿®æ”¹æ–‡ä»¶æƒé™: /home/lake/fsync-test-dir/.acc.swp"}
2025-10-19T00:16:38.373+0800	[34mINFO[0m	command/invoker.go:47	å·¥ä½œçº¿ç¨‹æ‰§è¡Œå‘½ä»¤	{"worker_id": 0, "command_desc": "åˆ é™¤æ–‡ä»¶: /home/lake/fsync-test-dir/.acc.swp"}
2025-10-19T00:16:38.373+0800	[34mINFO[0m	command/command.go:27	æ‰§è¡Œæ–‡ä»¶æ“ä½œå‘½ä»¤	{"action": "remove", "file": "/home/lake/fsync-test-dir/.acc.swp"}
2025-10-19T00:16:38.373+0800	[34mINFO[0m	command/invoker.go:51	å·¥ä½œçº¿ç¨‹å·²å®Œæˆå‘½ä»¤æ‰§è¡Œ	{"worker_id": 0, "command_desc": "åˆ é™¤æ–‡ä»¶: /home/lake/fsync-test-dir/.acc.swp"}
2025-10-19T00:16:38.373+0800	[34mINFO[0m	command/invoker.go:47	å·¥ä½œçº¿ç¨‹æ‰§è¡Œå‘½ä»¤	{"worker_id": 0, "command_desc": "åˆ›å»ºæ–‡ä»¶: /home/lake/fsync-test-dir/.acc.swp"}
2025-10-19T00:16:38.373+0800	[34mINFO[0m	command/command.go:27	æ‰§è¡Œæ–‡ä»¶æ“ä½œå‘½ä»¤	{"action": "create_file", "file": "/home/lake/fsync-test-dir/.acc.swp"}
2025-10-19T00:16:38.373+0800	[34mINFO[0m	command/invoker.go:51	å·¥ä½œçº¿ç¨‹å·²å®Œæˆå‘½ä»¤æ‰§è¡Œ	{"worker_id": 0, "command_desc": "åˆ›å»ºæ–‡ä»¶: /home/lake/fsync-test-dir/.acc.swp"}
2025-10-19T00:16:38.373+0800	[34mINFO[0m	command/invoker.go:47	å·¥ä½œçº¿ç¨‹æ‰§è¡Œå‘½ä»¤	{"worker_id": 0, "command_desc": "ä¿®æ”¹æ–‡ä»¶: /home/lake/fsync-test-dir/.acc.swp"}
2025-10-19T00:16:38.373+0800	[34mINFO[0m	command/command.go:27	æ‰§è¡Œæ–‡ä»¶æ“ä½œå‘½ä»¤	{"action": "write", "file": "/home/lake/fsync-test-dir/.acc.swp"}
2025-10-19T00:16:38.373+0800	[34mINFO[0m	command/invoker.go:51	å·¥ä½œçº¿ç¨‹å·²å®Œæˆå‘½ä»¤æ‰§è¡Œ	{"worker_id": 0, "command_desc": "ä¿®æ”¹æ–‡ä»¶: /home/lake/fsync-test-dir/.acc.swp"}
2025-10-19T00:16:38.373+0800	[34mINFO[0m	command/invoker.go:47	å·¥ä½œçº¿ç¨‹æ‰§è¡Œå‘½ä»¤	{"worker_id": 0, "command_desc": "ä¿®æ”¹æ–‡ä»¶æƒé™: /home/lake/fsync-test-dir/.acc.swp"}
2025-10-19T00:16:38.373+0800	[34mINFO[0m	command/command.go:27	æ‰§è¡Œæ–‡ä»¶æ“ä½œå‘½ä»¤	{"action": "chmod", "file": "/home/lake/fsync-test-dir/.acc.swp"}
2025-10-19T00:16:38.373+0800	[34mINFO[0m	command/invoker.go:51	å·¥ä½œçº¿ç¨‹å·²å®Œæˆå‘½ä»¤æ‰§è¡Œ	{"worker_id": 0, "command_desc": "ä¿®æ”¹æ–‡ä»¶æƒé™: /home/lake/fsync-test-dir/.acc.swp"}
2025-10-19T00:16:38.373+0800	[34mINFO[0m	command/invoker.go:51	å·¥ä½œçº¿ç¨‹å·²å®Œæˆå‘½ä»¤æ‰§è¡Œ	{"worker_id": 1, "command_desc": "åˆ é™¤æ–‡ä»¶: /home/lake/fsync-test-dir/.acc.swpx"}
2025-10-19T00:16:42.443+0800	[34mINFO[0m	command/invoker.go:64	Command enqueued	{"command_desc": "ä¿®æ”¹æ–‡ä»¶: /home/lake/fsync-test-dir/.acc.swp"}
2025-10-19T00:16:42.443+0800	[35mDEBUG[0m	command/command.go:76	æ·»åŠ å‘½ä»¤åˆ°å‘½ä»¤é˜Ÿåˆ—å¹¶å‡†å¤‡å¼‚æ­¥æ‰§è¡Œ	{"description": "ä¿®æ”¹æ–‡ä»¶: /home/lake/fsync-test-dir/.acc.swp"}
2025-10-19T00:16:42.443+0800	[34mINFO[0m	command/invoker.go:47	å·¥ä½œçº¿ç¨‹æ‰§è¡Œå‘½ä»¤	{"worker_id": 0, "command_desc": "ä¿®æ”¹æ–‡ä»¶: /home/lake/fsync-test-dir/.acc.swp"}
2025-10-19T00:16:42.443+0800	[34mINFO[0m	command/command.go:27	æ‰§è¡Œæ–‡ä»¶æ“ä½œå‘½ä»¤	{"action": "write", "file": "/home/lake/fsync-test-dir/.acc.swp"}
2025-10-19T00:16:42.443+0800	[34mINFO[0m	command/invoker.go:51	å·¥ä½œçº¿ç¨‹å·²å®Œæˆå‘½ä»¤æ‰§è¡Œ	{"worker_id": 0, "command_desc": "ä¿®æ”¹æ–‡ä»¶: /home/lake/fsync-test-dir/.acc.swp"}
2025-10-19T00:16:51.273+0800	[34mINFO[0m	command/invoker.go:64	Command enqueued	{"command_desc": "ä¿®æ”¹æ–‡ä»¶: /home/lake/fsync-test-dir/.acc.swp"}
2025-10-19T00:16:51.273+0800	[35mDEBUG[0m	command/command.go:76	æ·»åŠ å‘½ä»¤åˆ°å‘½ä»¤é˜Ÿåˆ—å¹¶å‡†å¤‡å¼‚æ­¥æ‰§è¡Œ	{"description": "ä¿®æ”¹æ–‡ä»¶: /home/lake/fsync-test-dir/.acc.swp"}
2025-10-19T00:16:51.273+0800	[34mINFO[0m	command/invoker.go:47	å·¥ä½œçº¿ç¨‹æ‰§è¡Œå‘½ä»¤	{"worker_id": 1, "command_desc": "ä¿®æ”¹æ–‡ä»¶: /home/lake/fsync-test-dir/.acc.swp"}
2025-10-19T00:16:51.273+0800	[34mINFO[0m	command/command.go:27	æ‰§è¡Œæ–‡ä»¶æ“ä½œå‘½ä»¤	{"action": "write", "file": "/home/lake/fsync-test-dir/.acc.swp"}
2025-10-19T00:16:51.273+0800	[34mINFO[0m	command/invoker.go:51	å·¥ä½œçº¿ç¨‹å·²å®Œæˆå‘½ä»¤æ‰§è¡Œ	{"worker_id": 1, "command_desc": "ä¿®æ”¹æ–‡ä»¶: /home/lake/fsync-test-dir/.acc.swp"}
2025-10-19T00:16:54.443+0800	[31mERROR[0m	storage/storage.go:50	æ— æ³•è·å–æ–‡ä»¶ä¿¡æ¯	{"file": "/home/lake/fsync-test-dir/4913", "error": "stat /home/lake/fsync-test-dir/4913: no such file or directory"}
fsync/client/internal/storage.StartFileSync.func1.1
	/home/lake/proj/playground/fsync-rebuild/fsync/client/internal/storage/storage.go:50
fsync/client/internal/watcher.WatchDirRecursive
	/home/lake/proj/playground/fsync-rebuild/fsync/client/internal/watcher/watcher.go:52
fsync/client/internal/storage.StartFileSync.func1
	/home/lake/proj/playground/fsync-rebuild/fsync/client/internal/storage/storage.go:43
2025-10-19T00:16:54.443+0800	[34mINFO[0m	command/invoker.go:64	Command enqueued	{"command_desc": "ä¿®æ”¹æ–‡ä»¶æƒé™: /home/lake/fsync-test-dir/4913"}
2025-10-19T00:16:54.443+0800	[35mDEBUG[0m	command/command.go:76	æ·»åŠ å‘½ä»¤åˆ°å‘½ä»¤é˜Ÿåˆ—å¹¶å‡†å¤‡å¼‚æ­¥æ‰§è¡Œ	{"description": "ä¿®æ”¹æ–‡ä»¶æƒé™: /home/lake/fsync-test-dir/4913"}
2025-10-19T00:16:54.443+0800	[34mINFO[0m	command/invoker.go:47	å·¥ä½œçº¿ç¨‹æ‰§è¡Œå‘½ä»¤	{"worker_id": 0, "command_desc": "ä¿®æ”¹æ–‡ä»¶æƒé™: /home/lake/fsync-test-dir/4913"}
2025-10-19T00:16:54.443+0800	[34mINFO[0m	command/command.go:27	æ‰§è¡Œæ–‡ä»¶æ“ä½œå‘½ä»¤	{"action": "chmod", "file": "/home/lake/fsync-test-dir/4913"}
2025-10-19T00:16:54.443+0800	[34mINFO[0m	command/invoker.go:51	å·¥ä½œçº¿ç¨‹å·²å®Œæˆå‘½ä»¤æ‰§è¡Œ	{"worker_id": 0, "command_desc": "ä¿®æ”¹æ–‡ä»¶æƒé™: /home/lake/fsync-test-dir/4913"}
2025-10-19T00:16:54.443+0800	[34mINFO[0m	command/invoker.go:64	Command enqueued	{"command_desc": "åˆ é™¤æ–‡ä»¶: /home/lake/fsync-test-dir/4913"}
2025-10-19T00:16:54.443+0800	[35mDEBUG[0m	command/command.go:76	æ·»åŠ å‘½ä»¤åˆ°å‘½ä»¤é˜Ÿåˆ—å¹¶å‡†å¤‡å¼‚æ­¥æ‰§è¡Œ	{"description": "åˆ é™¤æ–‡ä»¶: /home/lake/fsync-test-dir/4913"}
2025-10-19T00:16:54.443+0800	[34mINFO[0m	command/invoker.go:47	å·¥ä½œçº¿ç¨‹æ‰§è¡Œå‘½ä»¤	{"worker_id": 1, "command_desc": "åˆ é™¤æ–‡ä»¶: /home/lake/fsync-test-dir/4913"}
2025-10-19T00:16:54.443+0800	[34mINFO[0m	command/command.go:27	æ‰§è¡Œæ–‡ä»¶æ“ä½œå‘½ä»¤	{"action": "remove", "file": "/home/lake/fsync-test-dir/4913"}
2025-10-19T00:16:54.443+0800	[34mINFO[0m	command/invoker.go:51	å·¥ä½œçº¿ç¨‹å·²å®Œæˆå‘½ä»¤æ‰§è¡Œ	{"worker_id": 1, "command_desc": "åˆ é™¤æ–‡ä»¶: /home/lake/fsync-test-dir/4913"}
2025-10-19T00:16:54.443+0800	[34mINFO[0m	command/invoker.go:64	Command enqueued	{"command_desc": "é‡å‘½åæ–‡ä»¶: /home/lake/fsync-test-dir/acc"}
2025-10-19T00:16:54.443+0800	[35mDEBUG[0m	command/command.go:76	æ·»åŠ å‘½ä»¤åˆ°å‘½ä»¤é˜Ÿåˆ—å¹¶å‡†å¤‡å¼‚æ­¥æ‰§è¡Œ	{"description": "é‡å‘½åæ–‡ä»¶: /home/lake/fsync-test-dir/acc"}
2025-10-19T00:16:54.443+0800	[34mINFO[0m	command/invoker.go:64	Command enqueued	{"command_desc": "åˆ›å»ºæ–‡ä»¶: /home/lake/fsync-test-dir/acc~"}
2025-10-19T00:16:54.443+0800	[35mDEBUG[0m	command/command.go:76	æ·»åŠ å‘½ä»¤åˆ°å‘½ä»¤é˜Ÿåˆ—å¹¶å‡†å¤‡å¼‚æ­¥æ‰§è¡Œ	{"description": "åˆ›å»ºæ–‡ä»¶: /home/lake/fsync-test-dir/acc~"}
2025-10-19T00:16:54.443+0800	[34mINFO[0m	command/invoker.go:47	å·¥ä½œçº¿ç¨‹æ‰§è¡Œå‘½ä»¤	{"worker_id": 0, "command_desc": "é‡å‘½åæ–‡ä»¶: /home/lake/fsync-test-dir/acc"}
2025-10-19T00:16:54.443+0800	[34mINFO[0m	command/command.go:27	æ‰§è¡Œæ–‡ä»¶æ“ä½œå‘½ä»¤	{"action": "rename", "file": "/home/lake/fsync-test-dir/acc"}
2025-10-19T00:16:54.443+0800	[34mINFO[0m	command/invoker.go:51	å·¥ä½œçº¿ç¨‹å·²å®Œæˆå‘½ä»¤æ‰§è¡Œ	{"worker_id": 0, "command_desc": "é‡å‘½åæ–‡ä»¶: /home/lake/fsync-test-dir/acc"}
2025-10-19T00:16:54.443+0800	[34mINFO[0m	command/invoker.go:47	å·¥ä½œçº¿ç¨‹æ‰§è¡Œå‘½ä»¤	{"worker_id": 0, "command_desc": "åˆ›å»ºæ–‡ä»¶: /home/lake/fsync-test-dir/acc"}
2025-10-19T00:16:54.443+0800	[34mINFO[0m	command/invoker.go:47	å·¥ä½œçº¿ç¨‹æ‰§è¡Œå‘½ä»¤	{"worker_id": 1, "command_desc": "åˆ›å»ºæ–‡ä»¶: /home/lake/fsync-test-dir/acc~"}
2025-10-19T00:16:54.443+0800	[34mINFO[0m	command/command.go:27	æ‰§è¡Œæ–‡ä»¶æ“ä½œå‘½ä»¤	{"action": "create_file", "file": "/home/lake/fsync-test-dir/acc~"}
2025-10-19T00:16:54.443+0800	[34mINFO[0m	command/invoker.go:51	å·¥ä½œçº¿ç¨‹å·²å®Œæˆå‘½ä»¤æ‰§è¡Œ	{"worker_id": 1, "command_desc": "åˆ›å»ºæ–‡ä»¶: /home/lake/fsync-test-dir/acc~"}
2025-10-19T00:16:54.443+0800	[34mINFO[0m	command/command.go:27	æ‰§è¡Œæ–‡ä»¶æ“ä½œå‘½ä»¤	{"action": "create_file", "file": "/home/lake/fsync-test-dir/acc"}
2025-10-19T00:16:54.443+0800	[34mINFO[0m	command/invoker.go:51	å·¥ä½œçº¿ç¨‹å·²å®Œæˆå‘½ä»¤æ‰§è¡Œ	{"worker_id": 0, "command_desc": "åˆ›å»ºæ–‡ä»¶: /home/lake/fsync-test-dir/acc"}
2025-10-19T00:16:54.443+0800	[34mINFO[0m	command/invoker.go:64	Command enqueued	{"command_desc": "åˆ›å»ºæ–‡ä»¶: /home/lake/fsync-test-dir/acc"}
2025-10-19T00:16:54.443+0800	[35mDEBUG[0m	command/command.go:76	æ·»åŠ å‘½ä»¤åˆ°å‘½ä»¤é˜Ÿåˆ—å¹¶å‡†å¤‡å¼‚æ­¥æ‰§è¡Œ	{"description": "åˆ›å»ºæ–‡ä»¶: /home/lake/fsync-test-dir/acc"}
2025-10-19T00:16:54.443+0800	[34mINFO[0m	command/invoker.go:64	Command enqueued	{"command_desc": "ä¿®æ”¹æ–‡ä»¶: /home/lake/fsync-test-dir/acc"}
2025-10-19T00:16:54.443+0800	[35mDEBUG[0m	command/command.go:76	æ·»åŠ å‘½ä»¤åˆ°å‘½ä»¤é˜Ÿåˆ—å¹¶å‡†å¤‡å¼‚æ­¥æ‰§è¡Œ	{"description": "ä¿®æ”¹æ–‡ä»¶: /home/lake/fsync-test-dir/acc"}
2025-10-19T00:16:54.443+0800	[34mINFO[0m	command/invoker.go:47	å·¥ä½œçº¿ç¨‹æ‰§è¡Œå‘½ä»¤	{"worker_id": 1, "command_desc": "ä¿®æ”¹æ–‡ä»¶: /home/lake/fsync-test-dir/acc"}
2025-10-19T00:16:54.443+0800	[34mINFO[0m	command/command.go:27	æ‰§è¡Œæ–‡ä»¶æ“ä½œå‘½ä»¤	{"action": "write", "file": "/home/lake/fsync-test-dir/acc"}
2025-10-19T00:16:54.443+0800	[34mINFO[0m	command/invoker.go:51	å·¥ä½œçº¿ç¨‹å·²å®Œæˆå‘½ä»¤æ‰§è¡Œ	{"worker_id": 1, "command_desc": "ä¿®æ”¹æ–‡ä»¶: /home/lake/fsync-test-dir/acc"}
2025-10-19T00:16:54.447+0800	[34mINFO[0m	command/invoker.go:64	Command enqueued	{"command_desc": "ä¿®æ”¹æ–‡ä»¶æƒé™: /home/lake/fsync-test-dir/acc"}
2025-10-19T00:16:54.447+0800	[35mDEBUG[0m	command/command.go:76	æ·»åŠ å‘½ä»¤åˆ°å‘½ä»¤é˜Ÿåˆ—å¹¶å‡†å¤‡å¼‚æ­¥æ‰§è¡Œ	{"description": "ä¿®æ”¹æ–‡ä»¶æƒé™: /home/lake/fsync-test-dir/acc"}
2025-10-19T00:16:54.447+0800	[34mINFO[0m	command/invoker.go:64	Command enqueued	{"command_desc": "ä¿®æ”¹æ–‡ä»¶: /home/lake/fsync-test-dir/.acc.swp"}
2025-10-19T00:16:54.447+0800	[34mINFO[0m	command/invoker.go:47	å·¥ä½œçº¿ç¨‹æ‰§è¡Œå‘½ä»¤	{"worker_id": 0, "command_desc": "ä¿®æ”¹æ–‡ä»¶æƒé™: /home/lake/fsync-test-dir/acc"}
2025-10-19T00:16:54.447+0800	[34mINFO[0m	command/command.go:27	æ‰§è¡Œæ–‡ä»¶æ“ä½œå‘½ä»¤	{"action": "chmod", "file": "/home/lake/fsync-test-dir/acc"}
2025-10-19T00:16:54.447+0800	[35mDEBUG[0m	command/command.go:76	æ·»åŠ å‘½ä»¤åˆ°å‘½ä»¤é˜Ÿåˆ—å¹¶å‡†å¤‡å¼‚æ­¥æ‰§è¡Œ	{"description": "ä¿®æ”¹æ–‡ä»¶: /home/lake/fsync-test-dir/.acc.swp"}
2025-10-19T00:16:54.447+0800	[34mINFO[0m	command/invoker.go:47	å·¥ä½œçº¿ç¨‹æ‰§è¡Œå‘½ä»¤	{"worker_id": 1, "command_desc": "ä¿®æ”¹æ–‡ä»¶: /home/lake/fsync-test-dir/.acc.swp"}
2025-10-19T00:16:54.447+0800	[34mINFO[0m	command/command.go:27	æ‰§è¡Œæ–‡ä»¶æ“ä½œå‘½ä»¤	{"action": "write", "file": "/home/lake/fsync-test-dir/.acc.swp"}
2025-10-19T00:16:54.447+0800	[34mINFO[0m	command/invoker.go:51	å·¥ä½œçº¿ç¨‹å·²å®Œæˆå‘½ä»¤æ‰§è¡Œ	{"worker_id": 1, "command_desc": "ä¿®æ”¹æ–‡ä»¶: /home/lake/fsync-test-dir/.acc.swp"}
2025-10-19T00:16:54.447+0800	[34mINFO[0m	command/invoker.go:47	å·¥ä½œçº¿ç¨‹æ‰§è¡Œå‘½ä»¤	{"worker_id": 1, "command_desc": "åˆ é™¤æ–‡ä»¶: /home/lake/fsync-test-dir/acc~"}
2025-10-19T00:16:54.447+0800	[34mINFO[0m	command/invoker.go:51	å·¥ä½œçº¿ç¨‹å·²å®Œæˆå‘½ä»¤æ‰§è¡Œ	{"worker_id": 0, "command_desc": "ä¿®æ”¹æ–‡ä»¶æƒé™: /home/lake/fsync-test-dir/acc"}
2025-10-19T00:16:54.447+0800	[34mINFO[0m	command/invoker.go:64	Command enqueued	{"command_desc": "åˆ é™¤æ–‡ä»¶: /home/lake/fsync-test-dir/acc~"}
2025-10-19T00:16:54.447+0800	[35mDEBUG[0m	command/command.go:76	æ·»åŠ å‘½ä»¤åˆ°å‘½ä»¤é˜Ÿåˆ—å¹¶å‡†å¤‡å¼‚æ­¥æ‰§è¡Œ	{"description": "åˆ é™¤æ–‡ä»¶: /home/lake/fsync-test-dir/acc~"}
2025-10-19T00:16:54.447+0800	[34mINFO[0m	command/command.go:27	æ‰§è¡Œæ–‡ä»¶æ“ä½œå‘½ä»¤	{"action": "remove", "file": "/home/lake/fsync-test-dir/acc~"}
2025-10-19T00:16:54.447+0800	[34mINFO[0m	command/invoker.go:51	å·¥ä½œçº¿ç¨‹å·²å®Œæˆå‘½ä»¤æ‰§è¡Œ	{"worker_id": 1, "command_desc": "åˆ é™¤æ–‡ä»¶: /home/lake/fsync-test-dir/acc~"}
2025-10-19T00:16:54.448+0800	[34mINFO[0m	command/invoker.go:64	Command enqueued	{"command_desc": "åˆ é™¤æ–‡ä»¶: /home/lake/fsync-test-dir/.acc.swp"}
2025-10-19T00:16:54.448+0800	[35mDEBUG[0m	command/command.go:76	æ·»åŠ å‘½ä»¤åˆ°å‘½ä»¤é˜Ÿåˆ—å¹¶å‡†å¤‡å¼‚æ­¥æ‰§è¡Œ	{"description": "åˆ é™¤æ–‡ä»¶: /home/lake/fsync-test-dir/.acc.swp"}
2025-10-19T00:16:54.448+0800	[34mINFO[0m	command/invoker.go:47	å·¥ä½œçº¿ç¨‹æ‰§è¡Œå‘½ä»¤	{"worker_id": 0, "command_desc": "åˆ é™¤æ–‡ä»¶: /home/lake/fsync-test-dir/.acc.swp"}
2025-10-19T00:16:54.448+0800	[34mINFO[0m	command/command.go:27	æ‰§è¡Œæ–‡ä»¶æ“ä½œå‘½ä»¤	{"action": "remove", "file": "/home/lake/fsync-test-dir/.acc.swp"}
2025-10-19T00:16:54.448+0800	[34mINFO[0m	command/invoker.go:51	å·¥ä½œçº¿ç¨‹å·²å®Œæˆå‘½ä»¤æ‰§è¡Œ	{"worker_id": 0, "command_desc": "åˆ é™¤æ–‡ä»¶: /home/lake/fsync-test-dir/.acc.swp"}
2025-10-19T00:18:13.124+0800	[34mINFO[0m	cmd/main.go:24	åˆå§‹åŒ–æ—¥å¿—æˆåŠŸ
2025-10-19T00:18:13.124+0800	[34mINFO[0m	storage/storage.go:30	åŒæ­¥ç›®å½•	{"ç›®å½•ä¿¡æ¯": {}}
2025-10-19T00:18:13.124+0800	[34mINFO[0m	watcher/watcher.go:24	å¼€å§‹ç›‘æ§ç›®å½•	{"path": "/home/lake/fsync-test-dir"}
2025-10-19T00:18:13.125+0800	[34mINFO[0m	watcher/watcher.go:24	å¼€å§‹ç›‘æ§ç›®å½•	{"path": "/home/lake/fsync-test-dir/abc"}
2025-10-19T00:20:32.250+0800	[34mINFO[0m	command/invoker.go:65	å·¥ä½œæŒ‡ä»¤å·²åŠ å…¥é˜Ÿåˆ—	{"command_desc": "åˆ é™¤æ–‡ä»¶: /home/lake/fsync-test-dir/abc"}
2025-10-19T00:20:32.250+0800	[35mDEBUG[0m	command/command.go:76	æ·»åŠ å‘½ä»¤åˆ°å‘½ä»¤é˜Ÿåˆ—å¹¶å‡†å¤‡å¼‚æ­¥æ‰§è¡Œ	{"description": "åˆ é™¤æ–‡ä»¶: /home/lake/fsync-test-dir/abc"}
2025-10-19T00:20:32.250+0800	[34mINFO[0m	command/invoker.go:48	å·¥ä½œçº¿ç¨‹æ‰§è¡Œå‘½ä»¤	{"worker_id": 0, "command_desc": "åˆ é™¤æ–‡ä»¶: /home/lake/fsync-test-dir/abc"}
2025-10-19T00:20:32.250+0800	[34mINFO[0m	command/command.go:27	æ‰§è¡Œæ–‡ä»¶æ“ä½œå‘½ä»¤	{"action": "remove", "file": "/home/lake/fsync-test-dir/abc"}
2025-10-19T00:20:32.250+0800	[34mINFO[0m	command/invoker.go:52	å·¥ä½œçº¿ç¨‹å·²å®Œæˆå‘½ä»¤æ‰§è¡Œ	{"worker_id": 0, "command_desc": "åˆ é™¤æ–‡ä»¶: /home/lake/fsync-test-dir/abc"}
2025-10-19T00:21:09.084+0800	[34mINFO[0m	cmd/main.go:24	åˆå§‹åŒ–æ—¥å¿—æˆåŠŸ
2025-10-19T00:21:09.084+0800	[34mINFO[0m	storage/storage.go:30	åŒæ­¥ç›®å½•	{"ç›®å½•ä¿¡æ¯": {}}
2025-10-19T00:21:09.084+0800	[34mINFO[0m	watcher/watcher.go:24	å¼€å§‹ç›‘æ§ç›®å½•	{"path": "/home/lake/fsync-test-dir"}
2025-10-19T00:21:16.024+0800	[34mINFO[0m	command/invoker.go:65	å·¥ä½œæŒ‡ä»¤å·²åŠ å…¥é˜Ÿåˆ—	{"command_desc": "åˆ›å»ºç›®å½•: /home/lake/fsync-test-dir/abc"}
2025-10-19T00:21:16.024+0800	[35mDEBUG[0m	command/command.go:76	æ·»åŠ å‘½ä»¤åˆ°å‘½ä»¤é˜Ÿåˆ—å¹¶å‡†å¤‡å¼‚æ­¥æ‰§è¡Œ	{"description": "åˆ›å»ºç›®å½•: /home/lake/fsync-test-dir/abc"}
2025-10-19T00:21:16.024+0800	[34mINFO[0m	watcher/watcher.go:57	å‘ç°æ–°ç›®å½•ï¼Œå¼€å§‹ç›‘æ§	{"æ–‡ä»¶ï¼š": "/home/lake/fsync-test-dir/abc"}
2025-10-19T00:21:16.024+0800	[34mINFO[0m	command/invoker.go:48	å·¥ä½œçº¿ç¨‹å¼€å§‹æ‰§è¡Œå‘½ä»¤	{"worker_id": 0, "command_desc": "åˆ›å»ºç›®å½•: /home/lake/fsync-test-dir/abc"}
2025-10-19T00:21:16.024+0800	[34mINFO[0m	command/command.go:27	æ‰§è¡Œæ–‡ä»¶æ“ä½œå‘½ä»¤	{"action": "create_dir", "file": "/home/lake/fsync-test-dir/abc"}
2025-10-19T00:21:16.024+0800	[34mINFO[0m	command/invoker.go:52	å·¥ä½œçº¿ç¨‹å·²å®Œæˆå‘½ä»¤æ‰§è¡Œ	{"worker_id": 0, "command_desc": "åˆ›å»ºç›®å½•: /home/lake/fsync-test-dir/abc"}
2025-10-19T00:21:16.024+0800	[34mINFO[0m	watcher/watcher.go:24	å¼€å§‹ç›‘æ§ç›®å½•	{"path": "/home/lake/fsync-test-dir/abc"}
2025-10-19T00:22:03.064+0800	[34mINFO[0m	command/invoker.go:65	å·¥ä½œæŒ‡ä»¤å·²åŠ å…¥é˜Ÿåˆ—	{"command_desc": "åˆ›å»ºæ–‡ä»¶: /home/lake/fsync-test-dir/abc/a.txt"}
2025-10-19T00:22:03.068+0800	[35mDEBUG[0m	command/command.go:76	æ·»åŠ å‘½ä»¤åˆ°å‘½ä»¤é˜Ÿåˆ—å¹¶å‡†å¤‡å¼‚æ­¥æ‰§è¡Œ	{"description": "åˆ›å»ºæ–‡ä»¶: /home/lake/fsync-test-dir/abc/a.txt"}
2025-10-19T00:22:03.065+0800	[34mINFO[0m	command/invoker.go:48	å·¥ä½œçº¿ç¨‹å¼€å§‹æ‰§è¡Œå‘½ä»¤	{"worker_id": 1, "command_desc": "åˆ›å»ºæ–‡ä»¶: /home/lake/fsync-test-dir/abc/a.txt"}
2025-10-19T00:22:03.068+0800	[34mINFO[0m	command/invoker.go:48	å·¥ä½œçº¿ç¨‹å¼€å§‹æ‰§è¡Œå‘½ä»¤	{"worker_id": 0, "command_desc": "ä¿®æ”¹æ–‡ä»¶æƒé™: /home/lake/fsync-test-dir/abc/a.txt"}
2025-10-19T00:22:03.068+0800	[34mINFO[0m	command/command.go:27	æ‰§è¡Œæ–‡ä»¶æ“ä½œå‘½ä»¤	{"action": "chmod", "file": "/home/lake/fsync-test-dir/abc/a.txt"}
2025-10-19T00:22:03.068+0800	[34mINFO[0m	command/invoker.go:52	å·¥ä½œçº¿ç¨‹å·²å®Œæˆå‘½ä»¤æ‰§è¡Œ	{"worker_id": 0, "command_desc": "ä¿®æ”¹æ–‡ä»¶æƒé™: /home/lake/fsync-test-dir/abc/a.txt"}
2025-10-19T00:22:03.068+0800	[34mINFO[0m	command/command.go:27	æ‰§è¡Œæ–‡ä»¶æ“ä½œå‘½ä»¤	{"action": "create_file", "file": "/home/lake/fsync-test-dir/abc/a.txt"}
2025-10-19T00:22:03.068+0800	[34mINFO[0m	command/invoker.go:52	å·¥ä½œçº¿ç¨‹å·²å®Œæˆå‘½ä»¤æ‰§è¡Œ	{"worker_id": 1, "command_desc": "åˆ›å»ºæ–‡ä»¶: /home/lake/fsync-test-dir/abc/a.txt"}
2025-10-19T00:22:03.068+0800	[34mINFO[0m	command/invoker.go:65	å·¥ä½œæŒ‡ä»¤å·²åŠ å…¥é˜Ÿåˆ—	{"command_desc": "ä¿®æ”¹æ–‡ä»¶æƒé™: /home/lake/fsync-test-dir/abc/a.txt"}
2025-10-19T00:22:03.068+0800	[35mDEBUG[0m	command/command.go:76	æ·»åŠ å‘½ä»¤åˆ°å‘½ä»¤é˜Ÿåˆ—å¹¶å‡†å¤‡å¼‚æ­¥æ‰§è¡Œ	{"description": "ä¿®æ”¹æ–‡ä»¶æƒé™: /home/lake/fsync-test-dir/abc/a.txt"}
